  BGround.cpp
  servermain.cpp
c:\users\georg\downloads\other stuff\nicholas andrada pong\nicholas andrada pong\viewserver\ground.h(214): warning C4244: 'argument': conversion from 'int' to 'float', possible loss of data
c:\users\georg\downloads\other stuff\nicholas andrada pong\nicholas andrada pong\viewserver\ground.h(222): warning C4244: 'initializing': conversion from 'float' to 'int', possible loss of data
c:\users\georg\downloads\other stuff\nicholas andrada pong\nicholas andrada pong\viewserver\ground.h(223): warning C4244: 'initializing': conversion from 'float' to 'int', possible loss of data
c:\users\georg\downloads\other stuff\nicholas andrada pong\nicholas andrada pong\viewserver\ground.h(210): warning C4101: 'b': unreferenced local variable
c:\users\georg\downloads\other stuff\nicholas andrada pong\nicholas andrada pong\viewserver\ground.h(210): warning C4101: 'g': unreferenced local variable
c:\users\georg\downloads\other stuff\nicholas andrada pong\nicholas andrada pong\viewserver\ground.h(210): warning C4101: 'r': unreferenced local variable
c:\users\georg\downloads\other stuff\nicholas andrada pong\nicholas andrada pong\viewserver\ground.h(267): warning C4996: 'fopen': This function or variable may be unsafe. Consider using fopen_s instead. To disable deprecation, use _CRT_SECURE_NO_WARNINGS. See online help for details.
  C:\Program Files (x86)\Windows Kits\10\Include\10.0.10240.0\ucrt\stdio.h(205): note: see declaration of 'fopen'
c:\users\georg\downloads\other stuff\nicholas andrada pong\nicholas andrada pong\viewserver\ground.h(378): warning C4018: '>=': signed/unsigned mismatch
c:\users\georg\downloads\other stuff\nicholas andrada pong\nicholas andrada pong\viewserver\ground.h(386): warning C4018: '>=': signed/unsigned mismatch
c:\users\georg\downloads\other stuff\nicholas andrada pong\nicholas andrada pong\viewserver\ground.h(410): warning C4996: 'fopen': This function or variable may be unsafe. Consider using fopen_s instead. To disable deprecation, use _CRT_SECURE_NO_WARNINGS. See online help for details.
  C:\Program Files (x86)\Windows Kits\10\Include\10.0.10240.0\ucrt\stdio.h(205): note: see declaration of 'fopen'
c:\users\georg\downloads\other stuff\nicholas andrada pong\nicholas andrada pong\viewserver\ground.h(518): warning C4018: '<': signed/unsigned mismatch
servermain.cpp(54): warning C4244: '=': conversion from 'double' to 'float', possible loss of data
servermain.cpp(187): warning C4005: 'TIMER1': macro redefinition
  servermain.cpp(21): note: see previous definition of 'TIMER1'
servermain.cpp(217): warning C4065: switch statement contains 'default' but no 'case' labels
servermain.cpp(211): warning C4101: 'hwin': unreferenced local variable
servermain.cpp(346): warning C4101: 'si': unreferenced local variable
servermain.cpp(345): warning C4101: 'wmEvent': unreferenced local variable
servermain.cpp(345): warning C4101: 'wmId': unreferenced local variable
servermain.cpp(406): warning C4996: 'mbstowcs': This function or variable may be unsafe. Consider using mbstowcs_s instead. To disable deprecation, use _CRT_SECURE_NO_WARNINGS. See online help for details.
  C:\Program Files (x86)\Windows Kits\10\Include\10.0.10240.0\ucrt\stdlib.h(920): note: see declaration of 'mbstowcs'
  student.cpp
c:\users\georg\downloads\other stuff\nicholas andrada pong\nicholas andrada pong\viewserver\ground.h(214): warning C4244: 'argument': conversion from 'int' to 'float', possible loss of data
c:\users\georg\downloads\other stuff\nicholas andrada pong\nicholas andrada pong\viewserver\ground.h(222): warning C4244: 'initializing': conversion from 'float' to 'int', possible loss of data
c:\users\georg\downloads\other stuff\nicholas andrada pong\nicholas andrada pong\viewserver\ground.h(223): warning C4244: 'initializing': conversion from 'float' to 'int', possible loss of data
c:\users\georg\downloads\other stuff\nicholas andrada pong\nicholas andrada pong\viewserver\ground.h(210): warning C4101: 'b': unreferenced local variable
c:\users\georg\downloads\other stuff\nicholas andrada pong\nicholas andrada pong\viewserver\ground.h(210): warning C4101: 'g': unreferenced local variable
c:\users\georg\downloads\other stuff\nicholas andrada pong\nicholas andrada pong\viewserver\ground.h(210): warning C4101: 'r': unreferenced local variable
c:\users\georg\downloads\other stuff\nicholas andrada pong\nicholas andrada pong\viewserver\ground.h(267): warning C4996: 'fopen': This function or variable may be unsafe. Consider using fopen_s instead. To disable deprecation, use _CRT_SECURE_NO_WARNINGS. See online help for details.
  C:\Program Files (x86)\Windows Kits\10\Include\10.0.10240.0\ucrt\stdio.h(205): note: see declaration of 'fopen'
c:\users\georg\downloads\other stuff\nicholas andrada pong\nicholas andrada pong\viewserver\ground.h(378): warning C4018: '>=': signed/unsigned mismatch
c:\users\georg\downloads\other stuff\nicholas andrada pong\nicholas andrada pong\viewserver\ground.h(386): warning C4018: '>=': signed/unsigned mismatch
c:\users\georg\downloads\other stuff\nicholas andrada pong\nicholas andrada pong\viewserver\ground.h(410): warning C4996: 'fopen': This function or variable may be unsafe. Consider using fopen_s instead. To disable deprecation, use _CRT_SECURE_NO_WARNINGS. See online help for details.
  C:\Program Files (x86)\Windows Kits\10\Include\10.0.10240.0\ucrt\stdio.h(205): note: see declaration of 'fopen'
c:\users\georg\downloads\other stuff\nicholas andrada pong\nicholas andrada pong\viewserver\ground.h(518): warning C4018: '<': signed/unsigned mismatch
student.cpp(13): warning C4244: 'argument': conversion from 'time_t' to 'unsigned int', possible loss of data
student.cpp(35): warning C4996: 'sprintf': This function or variable may be unsafe. Consider using sprintf_s instead. To disable deprecation, use _CRT_SECURE_NO_WARNINGS. See online help for details.
  C:\Program Files (x86)\Windows Kits\10\Include\10.0.10240.0\ucrt\stdio.h(1769): note: see declaration of 'sprintf'
student.cpp(36): warning C4996: 'sprintf': This function or variable may be unsafe. Consider using sprintf_s instead. To disable deprecation, use _CRT_SECURE_NO_WARNINGS. See online help for details.
  C:\Program Files (x86)\Windows Kits\10\Include\10.0.10240.0\ucrt\stdio.h(1769): note: see declaration of 'sprintf'
  Generating code
c:\users\georg\downloads\other stuff\nicholas andrada pong\nicholas andrada pong\viewserver\servermain.cpp(457): warning C4715: 'run_mp3_thread': not all control paths return a value
  198 of 202 functions (98.0%) were compiled, the rest were copied from previous compilation.
    4 functions were new in current compilation
    0 functions had inline decision re-evaluated but remain unchanged
  Finished generating code
  viewserver.vcxproj -> C:\Users\georg\Downloads\Other stuff\Nicholas Andrada Pong\Nicholas Andrada Pong\Release\servercontrol.exe
  viewserver.vcxproj -> C:\Users\georg\Downloads\Other stuff\Nicholas Andrada Pong\Nicholas Andrada Pong\Release\servercontrol.pdb (Full PDB)
